<?xml version="1.0" encoding="UTF-8"?>
<!-- Generated by org.testng.reporters.JUnitXMLReporter -->
<testsuite ignored="0" hostname="Mani" failures="0" tests="3" name="AddCustomerTest" time="11.215" errors="0" timestamp="2024-10-11T00:08:11 IST">
  <testcase classname="com.DataDriven.testCases.AddCustomerTest" name="addCustomerTest" time="5.802"/>
  <testcase classname="com.DataDriven.testCases.AddCustomerTest" name="addCustomerTest" time="5.384"/>
  <testcase classname="com.DataDriven.testCases.AddCustomerTest" name="addCustomerTest" time="0.005">
    <skipped/>
  </testcase> <!-- addCustomerTest -->
</testsuite> <!-- AddCustomerTest -->
