<?xml version="1.0" encoding="UTF-8"?>
<!-- Generated by org.testng.reporters.JUnitXMLReporter -->
<testsuite ignored="0" hostname="Mani" failures="0" tests="3" name="AddCustomerTest" time="11.017" errors="0" timestamp="2024-10-10T23:51:26 IST">
  <testcase classname="com.DataDriven.testCases.AddCustomerTest" name="addCustomerTest" time="5.639"/>
  <testcase classname="com.DataDriven.testCases.AddCustomerTest" name="addCustomerTest" time="5.353"/>
  <testcase classname="com.DataDriven.testCases.AddCustomerTest" name="addCustomerTest" time="0.0">
    <skipped/>
  </testcase> <!-- addCustomerTest -->
</testsuite> <!-- AddCustomerTest -->
