<?xml version="1.0" encoding="UTF-8"?>
<testng-results ignored="0" total="5" passed="4" failed="0" skipped="1">
  <reporter-output>
    <line>
      <![CDATA[<br>Verification failure : expected [abc] but found [xyz]<br>]]>
    </line>
    <line>
      <![CDATA[<a target="_blank" href=Thu_Oct_10_23_51_08_IST_2024.jpg>Screenshot</a>]]>
    </line>
    <line>
      <![CDATA[<br>]]>
    </line>
    <line>
      <![CDATA[login successfully executed]]>
    </line>
  </reporter-output>
  <suite started-at="2024-10-10T23:51:08 IST" name="Data Driven Basics" finished-at="2024-10-10T23:51:29 IST" duration-ms="21661">
    <groups>
    </groups>
    <test started-at="2024-10-10T23:51:08 IST" name="BankManagerLoginTest" finished-at="2024-10-10T23:51:14 IST" duration-ms="6392">
      <class name="com.DataDriven.testCases.BankManagerLoginTest">
        <test-method is-config="true" signature="setUp()[pri:0, instance:com.DataDriven.testCases.BankManagerLoginTest@50687efb]" started-at="2024-10-10T23:51:08 IST" name="setUp" finished-at="2024-10-10T23:51:08 IST" duration-ms="1" status="PASS">
          <reporter-output>
          </reporter-output>
        </test-method> <!-- setUp -->
        <test-method signature="bankManagerLoginTest()[pri:0, instance:com.DataDriven.testCases.BankManagerLoginTest@50687efb]" started-at="2024-10-10T23:51:08 IST" name="bankManagerLoginTest" finished-at="2024-10-10T23:51:14 IST" duration-ms="6326" status="PASS">
          <reporter-output>
            <line>
              <![CDATA[<br>Verification failure : expected [abc] but found [xyz]<br>]]>
            </line>
            <line>
              <![CDATA[<a target="_blank" href=Thu_Oct_10_23_51_08_IST_2024.jpg>Screenshot</a>]]>
            </line>
            <line>
              <![CDATA[<br>]]>
            </line>
            <line>
              <![CDATA[login successfully executed]]>
            </line>
          </reporter-output>
        </test-method> <!-- bankManagerLoginTest -->
      </class> <!-- com.DataDriven.testCases.BankManagerLoginTest -->
    </test> <!-- BankManagerLoginTest -->
    <test started-at="2024-10-10T23:51:15 IST" name="AddCustomerTest" finished-at="2024-10-10T23:51:26 IST" duration-ms="11017">
      <class name="com.DataDriven.testCases.AddCustomerTest">
        <test-method signature="addCustomerTest(java.lang.String,java.lang.String,java.lang.String,java.lang.String,java.lang.String)[pri:0, instance:com.DataDriven.testCases.AddCustomerTest@7a138fc5]" started-at="2024-10-10T23:51:15 IST" name="addCustomerTest" data-provider="dp" finished-at="2024-10-10T23:51:20 IST" duration-ms="5639" status="PASS">
          <params>
            <param index="0">
              <value>
                <![CDATA[Mani]]>
              </value>
            </param>
            <param index="1">
              <value>
                <![CDATA[Krithik]]>
              </value>
            </param>
            <param index="2">
              <value>
                <![CDATA[BZW789]]>
              </value>
            </param>
            <param index="3">
              <value>
                <![CDATA[Customer added successfully]]>
              </value>
            </param>
            <param index="4">
              <value>
                <![CDATA[Y]]>
              </value>
            </param>
          </params>
          <reporter-output>
          </reporter-output>
        </test-method> <!-- addCustomerTest -->
        <test-method is-config="true" signature="setUp()[pri:0, instance:com.DataDriven.testCases.AddCustomerTest@7a138fc5]" started-at="2024-10-10T23:51:15 IST" name="setUp" finished-at="2024-10-10T23:51:15 IST" duration-ms="0" status="PASS">
          <reporter-output>
          </reporter-output>
        </test-method> <!-- setUp -->
        <test-method signature="addCustomerTest(java.lang.String,java.lang.String,java.lang.String,java.lang.String,java.lang.String)[pri:0, instance:com.DataDriven.testCases.AddCustomerTest@7a138fc5]" started-at="2024-10-10T23:51:20 IST" name="addCustomerTest" data-provider="dp" finished-at="2024-10-10T23:51:26 IST" duration-ms="5353" status="PASS">
          <params>
            <param index="0">
              <value>
                <![CDATA[Aloo]]>
              </value>
            </param>
            <param index="1">
              <value>
                <![CDATA[Mani]]>
              </value>
            </param>
            <param index="2">
              <value>
                <![CDATA[DGIV89]]>
              </value>
            </param>
            <param index="3">
              <value>
                <![CDATA[Customer added successfully]]>
              </value>
            </param>
            <param index="4">
              <value>
                <![CDATA[Y]]>
              </value>
            </param>
          </params>
          <reporter-output>
          </reporter-output>
        </test-method> <!-- addCustomerTest -->
        <test-method is-config="true" signature="setUp()[pri:0, instance:com.DataDriven.testCases.AddCustomerTest@7a138fc5]" started-at="2024-10-10T23:51:20 IST" name="setUp" finished-at="2024-10-10T23:51:20 IST" duration-ms="0" status="PASS">
          <reporter-output>
          </reporter-output>
        </test-method> <!-- setUp -->
        <test-method signature="addCustomerTest(java.lang.String,java.lang.String,java.lang.String,java.lang.String,java.lang.String)[pri:0, instance:com.DataDriven.testCases.AddCustomerTest@7a138fc5]" started-at="2024-10-10T23:51:26 IST" name="addCustomerTest" data-provider="dp" finished-at="2024-10-10T23:51:26 IST" duration-ms="0" status="SKIP">
          <params>
            <param index="0">
              <value>
                <![CDATA[Lakshmi]]>
              </value>
            </param>
            <param index="1">
              <value>
                <![CDATA[Mani]]>
              </value>
            </param>
            <param index="2">
              <value>
                <![CDATA[TESV908]]>
              </value>
            </param>
            <param index="3">
              <value>
                <![CDATA[Customer added successfully]]>
              </value>
            </param>
            <param index="4">
              <value>
                <![CDATA[N]]>
              </value>
            </param>
          </params>
          <exception class="org.testng.SkipException">
            <message>
              <![CDATA[Skipping the testcase as the Run mode for data set is NO]]>
            </message>
            <full-stacktrace>
              <![CDATA[org.testng.SkipException: Skipping the testcase as the Run mode for data set is NO
at com.DataDriven.testCases.AddCustomerTest.addCustomerTest(AddCustomerTest.java:20)
at java.base/jdk.internal.reflect.NativeMethodAccessorImpl.invoke0(Native Method)
at java.base/jdk.internal.reflect.NativeMethodAccessorImpl.invoke(NativeMethodAccessorImpl.java:78)
at java.base/jdk.internal.reflect.DelegatingMethodAccessorImpl.invoke(DelegatingMethodAccessorImpl.java:43)
at java.base/java.lang.reflect.Method.invoke(Method.java:567)
at org.testng.internal.invokers.MethodInvocationHelper.invokeMethod(MethodInvocationHelper.java:141)
at org.testng.internal.invokers.TestInvoker.invokeMethod(TestInvoker.java:686)
at org.testng.internal.invokers.TestInvoker.invokeTestMethod(TestInvoker.java:230)
at org.testng.internal.invokers.MethodRunner.runInSequence(MethodRunner.java:63)
at org.testng.internal.invokers.TestInvoker$MethodInvocationAgent.invoke(TestInvoker.java:992)
at org.testng.internal.invokers.TestInvoker.invokeTestMethods(TestInvoker.java:203)
at org.testng.internal.invokers.TestMethodWorker.invokeTestMethods(TestMethodWorker.java:154)
at org.testng.internal.invokers.TestMethodWorker.run(TestMethodWorker.java:134)
at java.base/java.util.ArrayList.forEach(ArrayList.java:1511)
at org.testng.TestRunner.privateRun(TestRunner.java:739)
at org.testng.TestRunner.run(TestRunner.java:614)
at org.testng.SuiteRunner.runTest(SuiteRunner.java:421)
at org.testng.SuiteRunner.runSequentially(SuiteRunner.java:413)
at org.testng.SuiteRunner.privateRun(SuiteRunner.java:373)
at org.testng.SuiteRunner.run(SuiteRunner.java:312)
at org.testng.SuiteRunnerWorker.runSuite(SuiteRunnerWorker.java:52)
at org.testng.SuiteRunnerWorker.run(SuiteRunnerWorker.java:95)
at org.testng.TestNG.runSuitesSequentially(TestNG.java:1274)
at org.testng.TestNG.runSuitesLocally(TestNG.java:1208)
at org.testng.TestNG.runSuites(TestNG.java:1112)
at org.testng.TestNG.run(TestNG.java:1079)
at org.testng.remote.AbstractRemoteTestNG.run(AbstractRemoteTestNG.java:115)
at org.testng.remote.RemoteTestNG.initAndRun(RemoteTestNG.java:293)
at org.testng.remote.RemoteTestNG.main(RemoteTestNG.java:91)
]]>
            </full-stacktrace>
          </exception> <!-- org.testng.SkipException -->
          <reporter-output>
          </reporter-output>
        </test-method> <!-- addCustomerTest -->
        <test-method is-config="true" signature="setUp()[pri:0, instance:com.DataDriven.testCases.AddCustomerTest@7a138fc5]" started-at="2024-10-10T23:51:26 IST" name="setUp" finished-at="2024-10-10T23:51:26 IST" duration-ms="0" status="PASS">
          <reporter-output>
          </reporter-output>
        </test-method> <!-- setUp -->
      </class> <!-- com.DataDriven.testCases.AddCustomerTest -->
    </test> <!-- AddCustomerTest -->
    <test started-at="2024-10-10T23:51:26 IST" name="OpenAccountTest" finished-at="2024-10-10T23:51:29 IST" duration-ms="3751">
      <class name="com.DataDriven.testCases.OpenAccountTest">
        <test-method is-config="true" signature="setUp()[pri:0, instance:com.DataDriven.testCases.OpenAccountTest@2c95ac9e]" started-at="2024-10-10T23:51:05 IST" name="setUp" finished-at="2024-10-10T23:51:08 IST" duration-ms="2305" status="PASS">
          <reporter-output>
          </reporter-output>
        </test-method> <!-- setUp -->
        <test-method signature="openAccountTest(java.lang.String,java.lang.String)[pri:0, instance:com.DataDriven.testCases.OpenAccountTest@2c95ac9e]" started-at="2024-10-10T23:51:26 IST" name="openAccountTest" data-provider="dp" finished-at="2024-10-10T23:51:29 IST" duration-ms="3736" status="PASS">
          <params>
            <param index="0">
              <value>
                <![CDATA[Mani Krithik]]>
              </value>
            </param>
            <param index="1">
              <value>
                <![CDATA[Rupee]]>
              </value>
            </param>
          </params>
          <reporter-output>
          </reporter-output>
        </test-method> <!-- openAccountTest -->
        <test-method is-config="true" signature="setUp()[pri:0, instance:com.DataDriven.testCases.OpenAccountTest@2c95ac9e]" started-at="2024-10-10T23:51:26 IST" name="setUp" finished-at="2024-10-10T23:51:26 IST" duration-ms="0" status="PASS">
          <reporter-output>
          </reporter-output>
        </test-method> <!-- setUp -->
        <test-method is-config="true" signature="tearDown()[pri:0, instance:com.DataDriven.testCases.OpenAccountTest@2c95ac9e]" started-at="2024-10-10T23:51:29 IST" name="tearDown" finished-at="2024-10-10T23:51:30 IST" duration-ms="217" status="PASS">
          <reporter-output>
          </reporter-output>
        </test-method> <!-- tearDown -->
      </class> <!-- com.DataDriven.testCases.OpenAccountTest -->
    </test> <!-- OpenAccountTest -->
  </suite> <!-- Data Driven Basics -->
</testng-results>
