<?xml version="1.0" encoding="UTF-8"?>
<testng-results ignored="0" total="5" passed="4" failed="0" skipped="1">
  <reporter-output>
    <line>
      <![CDATA[<br>Verification failure : expected [abc] but found [xyz]<br>]]>
    </line>
    <line>
      <![CDATA[<a target="_blank" href=Fri_Oct_11_00_07_53_IST_2024.jpg>Screenshot</a>]]>
    </line>
    <line>
      <![CDATA[<br>]]>
    </line>
    <line>
      <![CDATA[login successfully executed]]>
    </line>
  </reporter-output>
  <suite started-at="2024-10-11T00:07:53 IST" name="Data Driven Basics" finished-at="2024-10-11T00:08:15 IST" duration-ms="21943">
    <groups>
    </groups>
    <test started-at="2024-10-11T00:07:53 IST" name="BankManagerLoginTest" finished-at="2024-10-11T00:08:00 IST" duration-ms="6330">
      <class name="com.DataDriven.testCases.BankManagerLoginTest">
        <test-method is-config="true" signature="setUp()[pri:0, instance:com.DataDriven.testCases.BankManagerLoginTest@5fd62371]" started-at="2024-10-11T00:07:53 IST" name="setUp" finished-at="2024-10-11T00:07:53 IST" duration-ms="0" status="PASS">
          <reporter-output>
          </reporter-output>
        </test-method> <!-- setUp -->
        <test-method signature="bankManagerLoginTest()[pri:0, instance:com.DataDriven.testCases.BankManagerLoginTest@5fd62371]" started-at="2024-10-11T00:07:53 IST" name="bankManagerLoginTest" finished-at="2024-10-11T00:08:00 IST" duration-ms="6278" status="PASS">
          <reporter-output>
            <line>
              <![CDATA[<br>Verification failure : expected [abc] but found [xyz]<br>]]>
            </line>
            <line>
              <![CDATA[<a target="_blank" href=Fri_Oct_11_00_07_53_IST_2024.jpg>Screenshot</a>]]>
            </line>
            <line>
              <![CDATA[<br>]]>
            </line>
            <line>
              <![CDATA[login successfully executed]]>
            </line>
          </reporter-output>
        </test-method> <!-- bankManagerLoginTest -->
      </class> <!-- com.DataDriven.testCases.BankManagerLoginTest -->
    </test> <!-- BankManagerLoginTest -->
    <test started-at="2024-10-11T00:08:00 IST" name="AddCustomerTest" finished-at="2024-10-11T00:08:11 IST" duration-ms="11215">
      <class name="com.DataDriven.testCases.AddCustomerTest">
        <test-method signature="addCustomerTest(java.lang.String,java.lang.String,java.lang.String,java.lang.String,java.lang.String)[pri:0, instance:com.DataDriven.testCases.AddCustomerTest@3a1d593e]" started-at="2024-10-11T00:08:00 IST" name="addCustomerTest" data-provider="dp" finished-at="2024-10-11T00:08:06 IST" duration-ms="5802" status="PASS">
          <params>
            <param index="0">
              <value>
                <![CDATA[Mani]]>
              </value>
            </param>
            <param index="1">
              <value>
                <![CDATA[Krithik]]>
              </value>
            </param>
            <param index="2">
              <value>
                <![CDATA[BZW789]]>
              </value>
            </param>
            <param index="3">
              <value>
                <![CDATA[Customer added successfully]]>
              </value>
            </param>
            <param index="4">
              <value>
                <![CDATA[Y]]>
              </value>
            </param>
          </params>
          <reporter-output>
          </reporter-output>
        </test-method> <!-- addCustomerTest -->
        <test-method is-config="true" signature="setUp()[pri:0, instance:com.DataDriven.testCases.AddCustomerTest@3a1d593e]" started-at="2024-10-11T00:08:00 IST" name="setUp" finished-at="2024-10-11T00:08:00 IST" duration-ms="0" status="PASS">
          <reporter-output>
          </reporter-output>
        </test-method> <!-- setUp -->
        <test-method signature="addCustomerTest(java.lang.String,java.lang.String,java.lang.String,java.lang.String,java.lang.String)[pri:0, instance:com.DataDriven.testCases.AddCustomerTest@3a1d593e]" started-at="2024-10-11T00:08:06 IST" name="addCustomerTest" data-provider="dp" finished-at="2024-10-11T00:08:11 IST" duration-ms="5384" status="PASS">
          <params>
            <param index="0">
              <value>
                <![CDATA[Aloo]]>
              </value>
            </param>
            <param index="1">
              <value>
                <![CDATA[Mani]]>
              </value>
            </param>
            <param index="2">
              <value>
                <![CDATA[DGIV89]]>
              </value>
            </param>
            <param index="3">
              <value>
                <![CDATA[Customer added successfully]]>
              </value>
            </param>
            <param index="4">
              <value>
                <![CDATA[Y]]>
              </value>
            </param>
          </params>
          <reporter-output>
          </reporter-output>
        </test-method> <!-- addCustomerTest -->
        <test-method is-config="true" signature="setUp()[pri:0, instance:com.DataDriven.testCases.AddCustomerTest@3a1d593e]" started-at="2024-10-11T00:08:06 IST" name="setUp" finished-at="2024-10-11T00:08:06 IST" duration-ms="0" status="PASS">
          <reporter-output>
          </reporter-output>
        </test-method> <!-- setUp -->
        <test-method signature="addCustomerTest(java.lang.String,java.lang.String,java.lang.String,java.lang.String,java.lang.String)[pri:0, instance:com.DataDriven.testCases.AddCustomerTest@3a1d593e]" started-at="2024-10-11T00:08:11 IST" name="addCustomerTest" data-provider="dp" finished-at="2024-10-11T00:08:11 IST" duration-ms="5" status="SKIP">
          <params>
            <param index="0">
              <value>
                <![CDATA[Lakshmi]]>
              </value>
            </param>
            <param index="1">
              <value>
                <![CDATA[Mani]]>
              </value>
            </param>
            <param index="2">
              <value>
                <![CDATA[TESV908]]>
              </value>
            </param>
            <param index="3">
              <value>
                <![CDATA[Customer added successfully]]>
              </value>
            </param>
            <param index="4">
              <value>
                <![CDATA[N]]>
              </value>
            </param>
          </params>
          <exception class="org.testng.SkipException">
            <message>
              <![CDATA[Skipping the testcase as the Run mode for data set is NO]]>
            </message>
            <full-stacktrace>
              <![CDATA[org.testng.SkipException: Skipping the testcase as the Run mode for data set is NO
at com.DataDriven.testCases.AddCustomerTest.addCustomerTest(AddCustomerTest.java:20)
at java.base/jdk.internal.reflect.NativeMethodAccessorImpl.invoke0(Native Method)
at java.base/jdk.internal.reflect.NativeMethodAccessorImpl.invoke(NativeMethodAccessorImpl.java:78)
at java.base/jdk.internal.reflect.DelegatingMethodAccessorImpl.invoke(DelegatingMethodAccessorImpl.java:43)
at java.base/java.lang.reflect.Method.invoke(Method.java:567)
at org.testng.internal.invokers.MethodInvocationHelper.invokeMethod(MethodInvocationHelper.java:141)
at org.testng.internal.invokers.TestInvoker.invokeMethod(TestInvoker.java:686)
at org.testng.internal.invokers.TestInvoker.invokeTestMethod(TestInvoker.java:230)
at org.testng.internal.invokers.MethodRunner.runInSequence(MethodRunner.java:63)
at org.testng.internal.invokers.TestInvoker$MethodInvocationAgent.invoke(TestInvoker.java:992)
at org.testng.internal.invokers.TestInvoker.invokeTestMethods(TestInvoker.java:203)
at org.testng.internal.invokers.TestMethodWorker.invokeTestMethods(TestMethodWorker.java:154)
at org.testng.internal.invokers.TestMethodWorker.run(TestMethodWorker.java:134)
at java.base/java.util.ArrayList.forEach(ArrayList.java:1511)
at org.testng.TestRunner.privateRun(TestRunner.java:739)
at org.testng.TestRunner.run(TestRunner.java:614)
at org.testng.SuiteRunner.runTest(SuiteRunner.java:421)
at org.testng.SuiteRunner.runSequentially(SuiteRunner.java:413)
at org.testng.SuiteRunner.privateRun(SuiteRunner.java:373)
at org.testng.SuiteRunner.run(SuiteRunner.java:312)
at org.testng.SuiteRunnerWorker.runSuite(SuiteRunnerWorker.java:52)
at org.testng.SuiteRunnerWorker.run(SuiteRunnerWorker.java:95)
at org.testng.TestNG.runSuitesSequentially(TestNG.java:1274)
at org.testng.TestNG.runSuitesLocally(TestNG.java:1208)
at org.testng.TestNG.runSuites(TestNG.java:1112)
at org.testng.TestNG.run(TestNG.java:1079)
at org.apache.maven.surefire.testng.TestNGExecutor.run(TestNGExecutor.java:308)
at org.apache.maven.surefire.testng.TestNGXmlTestSuite.execute(TestNGXmlTestSuite.java:71)
at org.apache.maven.surefire.testng.TestNGProvider.invoke(TestNGProvider.java:113)
at org.apache.maven.surefire.booter.ForkedBooter.runSuitesInProcess(ForkedBooter.java:385)
at org.apache.maven.surefire.booter.ForkedBooter.execute(ForkedBooter.java:162)
at org.apache.maven.surefire.booter.ForkedBooter.run(ForkedBooter.java:507)
at org.apache.maven.surefire.booter.ForkedBooter.main(ForkedBooter.java:495)
]]>
            </full-stacktrace>
          </exception> <!-- org.testng.SkipException -->
          <reporter-output>
          </reporter-output>
        </test-method> <!-- addCustomerTest -->
        <test-method is-config="true" signature="setUp()[pri:0, instance:com.DataDriven.testCases.AddCustomerTest@3a1d593e]" started-at="2024-10-11T00:08:11 IST" name="setUp" finished-at="2024-10-11T00:08:11 IST" duration-ms="0" status="PASS">
          <reporter-output>
          </reporter-output>
        </test-method> <!-- setUp -->
      </class> <!-- com.DataDriven.testCases.AddCustomerTest -->
    </test> <!-- AddCustomerTest -->
    <test started-at="2024-10-11T00:08:11 IST" name="OpenAccountTest" finished-at="2024-10-11T00:08:15 IST" duration-ms="3828">
      <class name="com.DataDriven.testCases.OpenAccountTest">
        <test-method is-config="true" signature="setUp()[pri:0, instance:com.DataDriven.testCases.OpenAccountTest@285d851a]" started-at="2024-10-11T00:07:51 IST" name="setUp" finished-at="2024-10-11T00:07:53 IST" duration-ms="2736" status="PASS">
          <reporter-output>
          </reporter-output>
        </test-method> <!-- setUp -->
        <test-method signature="openAccountTest(java.lang.String,java.lang.String)[pri:0, instance:com.DataDriven.testCases.OpenAccountTest@285d851a]" started-at="2024-10-11T00:08:11 IST" name="openAccountTest" data-provider="dp" finished-at="2024-10-11T00:08:15 IST" duration-ms="3821" status="PASS">
          <params>
            <param index="0">
              <value>
                <![CDATA[Mani Krithik]]>
              </value>
            </param>
            <param index="1">
              <value>
                <![CDATA[Rupee]]>
              </value>
            </param>
          </params>
          <reporter-output>
          </reporter-output>
        </test-method> <!-- openAccountTest -->
        <test-method is-config="true" signature="setUp()[pri:0, instance:com.DataDriven.testCases.OpenAccountTest@285d851a]" started-at="2024-10-11T00:08:11 IST" name="setUp" finished-at="2024-10-11T00:08:11 IST" duration-ms="0" status="PASS">
          <reporter-output>
          </reporter-output>
        </test-method> <!-- setUp -->
        <test-method is-config="true" signature="tearDown()[pri:0, instance:com.DataDriven.testCases.OpenAccountTest@285d851a]" started-at="2024-10-11T00:08:15 IST" name="tearDown" finished-at="2024-10-11T00:08:16 IST" duration-ms="253" status="PASS">
          <reporter-output>
          </reporter-output>
        </test-method> <!-- tearDown -->
      </class> <!-- com.DataDriven.testCases.OpenAccountTest -->
    </test> <!-- OpenAccountTest -->
  </suite> <!-- Data Driven Basics -->
</testng-results>
