<?xml version="1.0" encoding="UTF-8"?>
<testsuite xmlns:xsi="http://www.w3.org/2001/XMLSchema-instance" xsi:noNamespaceSchemaLocation="https://maven.apache.org/surefire/maven-surefire-plugin/xsd/surefire-test-report.xsd" version="3.0.2" name="TestSuite" time="26.332" tests="5" errors="0" skipped="1" failures="0">
  <properties>
[...]
</properties>
  <testcase name="bankManagerLoginTest" classname="com.DataDriven.testCases.BankManagerLoginTest" time="6.279">
    <system-err><![CDATA[SLF4J: Failed to load class "org.slf4j.impl.StaticLoggerBinder".
SLF4J: Defaulting to no-operation (NOP) logger implementation
SLF4J: See http://www.slf4j.org/codes.html#StaticLoggerBinder for further details.
log4j:WARN No appenders could be found for logger (com.DataDriven.base.TestBase).
log4j:WARN Please initialize the log4j system properly.
]]></system-err>
  </testcase>
  <testcase name="addCustomerTest[Mani, Krithik, BZW789, Customer added successfully, Y](1)" classname="com.DataDriven.testCases.AddCustomerTest" time="5.804"/>
  <testcase name="addCustomerTest[Aloo, Mani, DGIV89, Customer added successfully, Y](2)" classname="com.DataDriven.testCases.AddCustomerTest" time="5.384"/>
  <testcase name="addCustomerTest[Lakshmi, Mani, TESV908, Customer added successfully, N](3)" classname="com.DataDriven.testCases.AddCustomerTest" time="0.0">
    <skipped message="Skipping the testcase as the Run mode for data set is NO"/>
  </testcase>
  <testcase name="openAccountTest[Mani Krithik, Rupee](1)" classname="com.DataDriven.testCases.OpenAccountTest" time="3.83"/>
</testsuite>